# JRE version: OpenJDK Runtime Environment 18.9 (11.0.13+8) (build 11.0.13+8)
# Java VM: OpenJDK 64-Bit Server VM 18.9 (11.0.13+8, mixed mode, tiered, compressed oops, g1 gc, windows-amd64)
Heap:
 garbage-first heap   total 122880K, used 50404K [0x00000000a1400000, 0x0000000100000000)
  region size 1024K, 38 young (38912K), 6 survivors (6144K)
 Metaspace       used 56774K, capacity 58094K, committed 58288K, reserved 1099776K
  class space    used 7084K, capacity 7623K, committed 7680K, reserved 1048576K
GC Heap History (20 events):
Event: 1.243 GC heap before
{Heap before GC invocations=1 (full 0):
 garbage-first heap   total 98304K, used 14652K [0x00000000a1400000, 0x0000000100000000)
  region size 1024K, 11 young (11264K), 2 survivors (2048K)
 Metaspace       used 11153K, capacity 11369K, committed 11648K, reserved 1060864K
  class space    used 1060K, capacity 1111K, committed 1152K, reserved 1048576K
}
Event: 1.246 GC heap after
{Heap after GC invocations=2 (full 0):
 garbage-first heap   total 98304K, used 6562K [0x00000000a1400000, 0x0000000100000000)
  region size 1024K, 1 young (1024K), 1 survivors (1024K)
 Metaspace       used 11153K, capacity 11369K, committed 11648K, reserved 1060864K
  class space    used 1060K, capacity 1111K, committed 1152K, reserved 1048576K
}
Event: 1.266 GC heap before
{Heap before GC invocations=2 (full 0):
 garbage-first heap   total 98304K, used 32162K [0x00000000a1400000, 0x0000000100000000)
  region size 1024K, 27 young (27648K), 1 survivors (1024K)
 Metaspace       used 11153K, capacity 11369K, committed 11648K, reserved 1060864K
  class space    used 1060K, capacity 1111K, committed 1152K, reserved 1048576K
}
Event: 1.268 GC heap after
{Heap after GC invocations=3 (full 0):
 garbage-first heap   total 98304K, used 6601K [0x00000000a1400000, 0x0000000100000000)
  region size 1024K, 1 young (1024K), 1 survivors (1024K)
 Metaspace       used 11153K, capacity 11369K, committed 11648K, reserved 1060864K
  class space    used 1060K, capacity 1111K, committed 1152K, reserved 1048576K
}
Event: 2.626 GC heap before
{Heap before GC invocations=3 (full 0):
 garbage-first heap   total 98304K, used 44489K [0x00000000a1400000, 0x0000000100000000)
  region size 1024K, 39 young (39936K), 1 survivors (1024K)
 Metaspace       used 17246K, capacity 17634K, committed 17920K, reserved 1064960K
  class space    used 1821K, capacity 1980K, committed 2048K, reserved 1048576K
}
Event: 2.667 GC heap after
{Heap after GC invocations=4 (full 0):
 garbage-first heap   total 98304K, used 7917K [0x00000000a1400000, 0x0000000100000000)
  region size 1024K, 2 young (2048K), 2 survivors (2048K)
 Metaspace       used 17246K, capacity 17634K, committed 17920K, reserved 1064960K
  class space    used 1821K, capacity 1980K, committed 2048K, reserved 1048576K
}
Event: 3.661 GC heap before
{Heap before GC invocations=4 (full 0):
 garbage-first heap   total 98304K, used 25325K [0x00000000a1400000, 0x0000000100000000)
  region size 1024K, 20 young (20480K), 2 survivors (2048K)
 Metaspace       used 20714K, capacity 21170K, committed 21296K, reserved 1069056K
  class space    used 2211K, capacity 2416K, committed 2432K, reserved 1048576K
}
Event: 3.667 GC heap after
{Heap after GC invocations=5 (full 0):
 garbage-first heap   total 98304K, used 8432K [0x00000000a1400000, 0x0000000100000000)
  region size 1024K, 3 young (3072K), 3 survivors (3072K)
 Metaspace       used 20714K, capacity 21170K, committed 21296K, reserved 1069056K
  class space    used 2211K, capacity 2416K, committed 2432K, reserved 1048576K
}
Event: 4.104 GC heap before
{Heap before GC invocations=6 (full 0):
 garbage-first heap   total 98304K, used 49392K [0x00000000a1400000, 0x0000000100000000)
  region size 1024K, 44 young (45056K), 3 survivors (3072K)
 Metaspace       used 24066K, capacity 24607K, committed 24880K, reserved 1071104K
  class space    used 2670K, capacity 2903K, committed 2944K, reserved 1048576K
}
Event: 4.108 GC heap after
{Heap after GC invocations=7 (full 0):
 garbage-first heap   total 98304K, used 9421K [0x00000000a1400000, 0x0000000100000000)
  region size 1024K, 4 young (4096K), 4 survivors (4096K)
 Metaspace       used 24066K, capacity 24607K, committed 24880K, reserved 1071104K
  class space    used 2670K, capacity 2903K, committed 2944K, reserved 1048576K
}
Event: 5.044 GC heap before
{Heap before GC invocations=7 (full 0):
 garbage-first heap   total 98304K, used 54477K [0x00000000a1400000, 0x0000000100000000)
  region size 1024K, 49 young (50176K), 4 survivors (4096K)
 Metaspace       used 25932K, capacity 26620K, committed 26928K, reserved 1073152K
  class space    used 2855K, capacity 3117K, committed 3200K, reserved 1048576K
}
Event: 5.053 GC heap after
{Heap after GC invocations=8 (full 0):
 garbage-first heap   total 98304K, used 10745K [0x00000000a1400000, 0x0000000100000000)
  region size 1024K, 5 young (5120K), 5 survivors (5120K)
 Metaspace       used 25932K, capacity 26620K, committed 26928K, reserved 1073152K
  class space    used 2855K, capacity 3117K, committed 3200K, reserved 1048576K
}
Event: 7.904 GC heap before
{Heap before GC invocations=8 (full 0):
 garbage-first heap   total 98304K, used 63993K [0x00000000a1400000, 0x0000000100000000)
  region size 1024K, 57 young (58368K), 5 survivors (5120K)
 Metaspace       used 33817K, capacity 34762K, committed 34992K, reserved 1079296K
  class space    used 3920K, capacity 4324K, committed 4352K, reserved 1048576K
}
Event: 7.916 GC heap after
{Heap after GC invocations=9 (full 0):
 garbage-first heap   total 98304K, used 13873K [0x00000000a1400000, 0x0000000100000000)
  region size 1024K, 8 young (8192K), 8 survivors (8192K)
 Metaspace       used 33817K, capacity 34762K, committed 34992K, reserved 1079296K
  class space    used 3920K, capacity 4324K, committed 4352K, reserved 1048576K
}
Event: 8.119 GC heap before
{Heap before GC invocations=9 (full 0):
 garbage-first heap   total 98304K, used 59953K [0x00000000a1400000, 0x0000000100000000)
  region size 1024K, 55 young (56320K), 8 survivors (8192K)
 Metaspace       used 34842K, capacity 35815K, committed 35888K, reserved 1081344K
  class space    used 4041K, capacity 4464K, committed 4480K, reserved 1048576K
}
Event: 8.139 GC heap after
{Heap after GC invocations=10 (full 0):
 garbage-first heap   total 122880K, used 14810K [0x00000000a1400000, 0x0000000100000000)
  region size 1024K, 5 young (5120K), 5 survivors (5120K)
 Metaspace       used 34842K, capacity 35815K, committed 35888K, reserved 1081344K
  class space    used 4041K, capacity 4464K, committed 4480K, reserved 1048576K
}
Event: 11.719 GC heap before
{Heap before GC invocations=11 (full 0):
 garbage-first heap   total 122880K, used 80346K [0x00000000a1400000, 0x0000000100000000)
  region size 1024K, 70 young (71680K), 5 survivors (5120K)
 Metaspace       used 40119K, capacity 41251K, committed 41392K, reserved 1085440K
  class space    used 4588K, capacity 5059K, committed 5120K, reserved 1048576K
}
Event: 11.726 GC heap after
{Heap after GC invocations=12 (full 0):
 garbage-first heap   total 122880K, used 16387K [0x00000000a1400000, 0x0000000100000000)
  region size 1024K, 7 young (7168K), 7 survivors (7168K)
 Metaspace       used 40119K, capacity 41251K, committed 41392K, reserved 1085440K
  class space    used 4588K, capacity 5059K, committed 5120K, reserved 1048576K
}
Event: 16.430 GC heap before
{Heap before GC invocations=12 (full 0):
 garbage-first heap   total 122880K, used 82947K [0x00000000a1400000, 0x0000000100000000)
  region size 1024K, 72 young (73728K), 7 survivors (7168K)
 Metaspace       used 51974K, capacity 53201K, committed 53424K, reserved 1095680K
  class space    used 6341K, capacity 6843K, committed 6912K, reserved 1048576K
}
Event: 16.447 GC heap after
{Heap after GC invocations=13 (full 0):
 garbage-first heap   total 122880K, used 18660K [0x00000000a1400000, 0x0000000100000000)
  region size 1024K, 6 young (6144K), 6 survivors (6144K)
 Metaspace       used 51974K, capacity 53201K, committed 53424K, reserved 1095680K
  class space    used 6341K, capacity 6843K, committed 6912K, reserved 1048576K
}

